<?xml version="1.0" encoding="utf-8"?><testsuites><testsuite errors="0" failures="0" hostname="cdab31ffcbd0" name="pytest" skipped="0" tests="11" time="6.210" timestamp="2025-05-23T07:50:39.283745"><testcase classname="test.rest.api_test.TestApi" name="test_api_add" time="0.025"></testcase><testcase classname="test.rest.api_test.TestApi" name="test_api_add_invalid_input" time="0.003"></testcase><testcase classname="test.rest.api_test.TestApi" name="test_api_divide_by_zero" time="0.003"></testcase><testcase classname="test.rest.api_test.TestApi" name="test_api_divide_invalid_input" time="0.003"></testcase><testcase classname="test.rest.api_test.TestApi" name="test_api_divide_success" time="0.003"></testcase><testcase classname="test.rest.api_test.TestApi" name="test_api_log_base_10_invalid_input" time="0.003"></testcase><testcase classname="test.rest.api_test.TestApi" name="test_api_log_base_10_success" time="0.003"></testcase><testcase classname="test.rest.api_test.TestApi" name="test_api_square_root_negative" time="0.003"></testcase><testcase classname="test.rest.api_test.TestApi" name="test_api_square_root_success" time="0.003"></testcase><testcase classname="test.rest.api_test.TestApi" name="test_api_substract_invalid_input" time="0.002"></testcase><testcase classname="test.rest.api_test.TestApi" name="test_api_substract_success" time="0.003"></testcase></testsuite></testsuites>