<?xml version="1.0" encoding="utf-8"?><testsuites><testsuite errors="0" failures="0" hostname="8261391cade8" name="pytest" skipped="0" tests="17" time="5.958" timestamp="2025-05-23T06:44:58.498897"><testcase classname="test.unit.calc_test.TestCalculate" name="test_add_method_fails_with_nan_parameter" time="0.014"></testcase><testcase classname="test.unit.calc_test.TestCalculate" name="test_add_method_returns_correct_result" time="0.000"></testcase><testcase classname="test.unit.calc_test.TestCalculate" name="test_divide_method_fails_with_division_by_zero" time="0.001"></testcase><testcase classname="test.unit.calc_test.TestCalculate" name="test_divide_method_fails_with_nan_parameter" time="0.001"></testcase><testcase classname="test.unit.calc_test.TestCalculate" name="test_divide_method_returns_correct_result" time="0.000"></testcase><testcase classname="test.unit.calc_test.TestCalculate" name="test_log_base_10_method_fails_with_nan_parameter" time="0.000"></testcase><testcase classname="test.unit.calc_test.TestCalculate" name="test_log_base_10_method_returns_correct_result" time="0.000"></testcase><testcase classname="test.unit.calc_test.TestCalculate" name="test_multiply_method_fails_with_nan_parameter" time="0.001"></testcase><testcase classname="test.unit.calc_test.TestCalculate" name="test_multiply_method_returns_correct_result" time="0.000"></testcase><testcase classname="test.unit.calc_test.TestCalculate" name="test_power_method_fails_with_nan_parameter" time="0.000"></testcase><testcase classname="test.unit.calc_test.TestCalculate" name="test_power_method_returns_correct_result" time="0.001"></testcase><testcase classname="test.unit.calc_test.TestCalculate" name="test_square_root_method_fails_with_nan_parameter" time="0.001"></testcase><testcase classname="test.unit.calc_test.TestCalculate" name="test_square_root_method_returns_correct_result" time="0.001"></testcase><testcase classname="test.unit.calc_test.TestCalculate" name="test_substract_method_fails_with_nan_parameter" time="0.001"></testcase><testcase classname="test.unit.calc_test.TestCalculate" name="test_substract_method_returns_correct_result" time="0.001"></testcase><testcase classname="test.unit.util_test.TestUtil" name="test_convert_to_number_correct_param" time="0.001"></testcase><testcase classname="test.unit.util_test.TestUtil" name="test_convert_to_number_invalid_type" time="0.001"></testcase></testsuite></testsuites>